  OpenGL_Udemy.cpp
C:\Users\Honla\Desktop\OpenGL_Udemy\OpenGL_Udemy.cpp(316,69): warning C4267: '+=': conversion from 'size_t' to 'int', possible loss of data
C:\Users\Honla\Desktop\OpenGL_Udemy\OpenGL_Udemy.cpp(330,34): warning C4244: '=': conversion from 'int' to 'float', possible loss of data
C:\Users\Honla\Desktop\OpenGL_Udemy\OpenGL_Udemy.cpp(497,77): warning C4267: 'argument': conversion from 'size_t' to 'unsigned int', possible loss of data
C:\Users\Honla\Desktop\OpenGL_Udemy\OpenGL_Udemy.cpp(497,61): warning C4267: 'argument': conversion from 'size_t' to 'unsigned int', possible loss of data
C:\Users\Honla\Desktop\OpenGL_Udemy\OpenGL_Udemy.cpp(510,34): warning C4244: '=': conversion from 'int' to 'float', possible loss of data
C:\Users\Honla\Desktop\OpenGL_Udemy\OpenGL_Udemy.cpp(677,77): warning C4267: 'argument': conversion from 'size_t' to 'unsigned int', possible loss of data
C:\Users\Honla\Desktop\OpenGL_Udemy\OpenGL_Udemy.cpp(677,61): warning C4267: 'argument': conversion from 'size_t' to 'unsigned int', possible loss of data
C:\Users\Honla\Desktop\OpenGL_Udemy\OpenGL_Udemy.cpp(695,34): warning C4244: '=': conversion from 'int' to 'float', possible loss of data
C:\Users\Honla\Desktop\OpenGL_Udemy\OpenGL_Udemy.cpp(862,77): warning C4267: 'argument': conversion from 'size_t' to 'unsigned int', possible loss of data
C:\Users\Honla\Desktop\OpenGL_Udemy\OpenGL_Udemy.cpp(862,61): warning C4267: 'argument': conversion from 'size_t' to 'unsigned int', possible loss of data
C:\Users\Honla\Desktop\OpenGL_Udemy\OpenGL_Udemy.cpp(915,77): warning C4267: 'argument': conversion from 'size_t' to 'unsigned int', possible loss of data
C:\Users\Honla\Desktop\OpenGL_Udemy\OpenGL_Udemy.cpp(915,61): warning C4267: 'argument': conversion from 'size_t' to 'unsigned int', possible loss of data
C:\Users\Honla\Desktop\OpenGL_Udemy\OpenGL_Udemy.cpp(929,34): warning C4244: '=': conversion from 'int' to 'float', possible loss of data
C:\Users\Honla\Desktop\OpenGL_Udemy\OpenGL_Udemy.cpp(1095,90): warning C4267: 'argument': conversion from 'size_t' to 'unsigned int', possible loss of data
C:\Users\Honla\Desktop\OpenGL_Udemy\OpenGL_Udemy.cpp(1095,74): warning C4267: 'argument': conversion from 'size_t' to 'unsigned int', possible loss of data
C:\Users\Honla\Desktop\OpenGL_Udemy\OpenGL_Udemy.cpp(1108,22): warning C4244: '=': conversion from 'int' to 'float', possible loss of data
C:\Users\Honla\Desktop\OpenGL_Udemy\OpenGL_Udemy.cpp(1142,70): warning C4267: '+=': conversion from 'size_t' to 'unsigned int', possible loss of data
C:\Users\Honla\Desktop\OpenGL_Udemy\OpenGL_Udemy.cpp(1444,157): warning C4267: 'argument': conversion from 'size_t' to 'unsigned int', possible loss of data
C:\Users\Honla\Desktop\OpenGL_Udemy\OpenGL_Udemy.cpp(1444,125): warning C4267: 'argument': conversion from 'size_t' to 'unsigned int', possible loss of data
C:\Users\Honla\Desktop\OpenGL_Udemy\OpenGL_Udemy.cpp(1524,16): warning C4244: 'initializing': conversion from 'T' to 'int', possible loss of data
C:\Users\Honla\Desktop\OpenGL_Udemy\OpenGL_Udemy.cpp(1524,16): warning C4244:         with
C:\Users\Honla\Desktop\OpenGL_Udemy\OpenGL_Udemy.cpp(1524,16): warning C4244:         [
C:\Users\Honla\Desktop\OpenGL_Udemy\OpenGL_Udemy.cpp(1524,16): warning C4244:             T=float
C:\Users\Honla\Desktop\OpenGL_Udemy\OpenGL_Udemy.cpp(1524,16): warning C4244:         ]
C:\Users\Honla\Desktop\OpenGL_Udemy\OpenGL_Udemy.cpp(1525,20): warning C4244: 'initializing': conversion from 'T' to 'int', possible loss of data
C:\Users\Honla\Desktop\OpenGL_Udemy\OpenGL_Udemy.cpp(1525,20): warning C4244:         with
C:\Users\Honla\Desktop\OpenGL_Udemy\OpenGL_Udemy.cpp(1525,20): warning C4244:         [
C:\Users\Honla\Desktop\OpenGL_Udemy\OpenGL_Udemy.cpp(1525,20): warning C4244:             T=float
C:\Users\Honla\Desktop\OpenGL_Udemy\OpenGL_Udemy.cpp(1525,20): warning C4244:         ]
C:\Users\Honla\Desktop\OpenGL_Udemy\OpenGL_Udemy.cpp(1535,32): warning C4244: 'initializing': conversion from 'double' to 'float', possible loss of data
C:\Users\Honla\Desktop\OpenGL_Udemy\OpenGL_Udemy.cpp(1570,34): warning C4244: '=': conversion from 'int' to 'float', possible loss of data
C:\Users\Honla\Desktop\OpenGL_Udemy\OpenGL_Udemy.cpp(1606,59): warning C4267: '+=': conversion from 'size_t' to 'unsigned int', possible loss of data
C:\Users\Honla\Desktop\OpenGL_Udemy\OpenGL_Udemy.cpp(1851,16): warning C4244: 'initializing': conversion from 'T' to 'int', possible loss of data
C:\Users\Honla\Desktop\OpenGL_Udemy\OpenGL_Udemy.cpp(1851,16): warning C4244:         with
C:\Users\Honla\Desktop\OpenGL_Udemy\OpenGL_Udemy.cpp(1851,16): warning C4244:         [
C:\Users\Honla\Desktop\OpenGL_Udemy\OpenGL_Udemy.cpp(1851,16): warning C4244:             T=float
C:\Users\Honla\Desktop\OpenGL_Udemy\OpenGL_Udemy.cpp(1851,16): warning C4244:         ]
C:\Users\Honla\Desktop\OpenGL_Udemy\OpenGL_Udemy.cpp(1852,20): warning C4244: 'initializing': conversion from 'T' to 'int', possible loss of data
C:\Users\Honla\Desktop\OpenGL_Udemy\OpenGL_Udemy.cpp(1852,20): warning C4244:         with
C:\Users\Honla\Desktop\OpenGL_Udemy\OpenGL_Udemy.cpp(1852,20): warning C4244:         [
C:\Users\Honla\Desktop\OpenGL_Udemy\OpenGL_Udemy.cpp(1852,20): warning C4244:             T=float
C:\Users\Honla\Desktop\OpenGL_Udemy\OpenGL_Udemy.cpp(1852,20): warning C4244:         ]
C:\Users\Honla\Desktop\OpenGL_Udemy\OpenGL_Udemy.cpp(1870,37): warning C4305: 'argument': truncation from 'double' to 'float'
C:\Users\Honla\Desktop\OpenGL_Udemy\OpenGL_Udemy.cpp(1873,72): warning C4244: 'initializing': conversion from 'int' to 'float', possible loss of data
C:\Users\Honla\Desktop\OpenGL_Udemy\OpenGL_Udemy.cpp(1880,63): warning C4244: 'argument': conversion from 'int' to 'float', possible loss of data
C:\Users\Honla\Desktop\OpenGL_Udemy\OpenGL_Udemy.cpp(1880,60): warning C4244: 'argument': conversion from 'int' to 'float', possible loss of data
C:\Users\Honla\Desktop\OpenGL_Udemy\OpenGL_Udemy.cpp(1880,52): warning C4244: 'argument': conversion from 'int' to 'float', possible loss of data
C:\Users\Honla\Desktop\OpenGL_Udemy\OpenGL_Udemy.cpp(1896,77): warning C4244: 'argument': conversion from 'T' to 'float', possible loss of data
C:\Users\Honla\Desktop\OpenGL_Udemy\OpenGL_Udemy.cpp(1896,77): warning C4244:         with
C:\Users\Honla\Desktop\OpenGL_Udemy\OpenGL_Udemy.cpp(1896,77): warning C4244:         [
C:\Users\Honla\Desktop\OpenGL_Udemy\OpenGL_Udemy.cpp(1896,77): warning C4244:             T=int
C:\Users\Honla\Desktop\OpenGL_Udemy\OpenGL_Udemy.cpp(1896,77): warning C4244:         ]
C:\Users\Honla\Desktop\OpenGL_Udemy\OpenGL_Udemy.cpp(1896,70): warning C4244: 'argument': conversion from 'T' to 'float', possible loss of data
C:\Users\Honla\Desktop\OpenGL_Udemy\OpenGL_Udemy.cpp(1896,70): warning C4244:         with
C:\Users\Honla\Desktop\OpenGL_Udemy\OpenGL_Udemy.cpp(1896,70): warning C4244:         [
C:\Users\Honla\Desktop\OpenGL_Udemy\OpenGL_Udemy.cpp(1896,70): warning C4244:             T=int
C:\Users\Honla\Desktop\OpenGL_Udemy\OpenGL_Udemy.cpp(1896,70): warning C4244:         ]
C:\Users\Honla\Desktop\OpenGL_Udemy\OpenGL_Udemy.cpp(1896,63): warning C4244: 'argument': conversion from 'T' to 'float', possible loss of data
C:\Users\Honla\Desktop\OpenGL_Udemy\OpenGL_Udemy.cpp(1896,63): warning C4244:         with
C:\Users\Honla\Desktop\OpenGL_Udemy\OpenGL_Udemy.cpp(1896,63): warning C4244:         [
C:\Users\Honla\Desktop\OpenGL_Udemy\OpenGL_Udemy.cpp(1896,63): warning C4244:             T=int
C:\Users\Honla\Desktop\OpenGL_Udemy\OpenGL_Udemy.cpp(1896,63): warning C4244:         ]
C:\Users\Honla\Desktop\OpenGL_Udemy\OpenGL_Udemy.cpp(1921,73): warning C4244: 'argument': conversion from 'int' to 'float', possible loss of data
C:\Users\Honla\Desktop\OpenGL_Udemy\OpenGL_Udemy.cpp(1921,40): warning C4244: 'argument': conversion from 'int' to 'float', possible loss of data
C:\Users\Honla\Desktop\OpenGL_Udemy\OpenGL_Udemy.cpp(1928,42): warning C4244: 'argument': conversion from 'int' to 'float', possible loss of data
C:\Users\Honla\Desktop\OpenGL_Udemy\OpenGL_Udemy.cpp(1928,39): warning C4244: 'argument': conversion from 'int' to 'float', possible loss of data
C:\Users\Honla\Desktop\OpenGL_Udemy\OpenGL_Udemy.cpp(1928,36): warning C4244: 'argument': conversion from 'int' to 'float', possible loss of data
C:\Users\Honla\Desktop\OpenGL_Udemy\OpenGL_Udemy.cpp(1933,78): warning C4244: 'argument': conversion from 'int' to 'float', possible loss of data
C:\Users\Honla\Desktop\OpenGL_Udemy\OpenGL_Udemy.cpp(1933,73): warning C4244: 'argument': conversion from 'int' to 'float', possible loss of data
C:\Users\Honla\Desktop\OpenGL_Udemy\OpenGL_Udemy.cpp(1933,52): warning C4244: 'argument': conversion from 'int' to 'float', possible loss of data
C:\Users\Honla\Desktop\OpenGL_Udemy\OpenGL_Udemy.cpp(2199,24): warning C4244: '=': conversion from 'float' to 'int', possible loss of data
C:\Users\Honla\Desktop\OpenGL_Udemy\OpenGL_Udemy.cpp(2200,24): warning C4244: '=': conversion from 'float' to 'int', possible loss of data
C:\Users\Honla\Desktop\OpenGL_Udemy\OpenGL_Udemy.cpp(2222,80): warning C4267: 'argument': conversion from 'size_t' to 'unsigned int', possible loss of data
C:\Users\Honla\Desktop\OpenGL_Udemy\OpenGL_Udemy.cpp(2222,63): warning C4267: 'argument': conversion from 'size_t' to 'unsigned int', possible loss of data
C:\Users\Honla\Desktop\OpenGL_Udemy\OpenGL_Udemy.cpp(2281,21): warning C4244: 'initializing': conversion from 'double' to 'GLfloat', possible loss of data
C:\Users\Honla\Desktop\OpenGL_Udemy\OpenGL_Udemy.cpp(2289,25): warning C4244: 'initializing': conversion from 'float' to 'int', possible loss of data
C:\Users\Honla\Desktop\OpenGL_Udemy\OpenGL_Udemy.cpp(2588,86): warning C4244: 'argument': conversion from 'int' to 'float', possible loss of data
glew32s.lib(glew.obj) : warning LNK4099: PDB 'vc120.pdb' was not found with 'glew32s.lib(glew.obj)' or at 'C:\Users\Honla\Desktop\OpenGL_Udemy\x64\Debug\vc120.pdb'; linking object as if no debug info
LINK : warning LNK4098: defaultlib 'MSVCRT' conflicts with use of other libs; use /NODEFAULTLIB:library
LINK : warning LNK4098: defaultlib 'LIBCMT' conflicts with use of other libs; use /NODEFAULTLIB:library
LINK : warning LNK4217: symbol '__glewAttachShader' defined in 'glew32s.lib(glew.obj)' is imported by 'Shader.obj' in function '"private: void __cdecl Shadergl::addShader(char const *,char const *)" (?addShader@Shadergl@@AEAAXPEBD0@Z)'
LINK : warning LNK4217: symbol '__glewCompileShader' defined in 'glew32s.lib(glew.obj)' is imported by 'Shader.obj' in function '"private: unsigned int __cdecl Shadergl::compileShader(unsigned int,char const *)" (?compileShader@Shadergl@@AEAAIIPEBD@Z)'
LINK : warning LNK4217: symbol '__glewCreateProgram' defined in 'glew32s.lib(glew.obj)' is imported by 'Shader.obj' in function '"private: void __cdecl Shadergl::addShader(char const *,char const *)" (?addShader@Shadergl@@AEAAXPEBD0@Z)'
LINK : warning LNK4217: symbol '__glewCreateShader' defined in 'glew32s.lib(glew.obj)' is imported by 'Shader.obj' in function '"private: unsigned int __cdecl Shadergl::compileShader(unsigned int,char const *)" (?compileShader@Shadergl@@AEAAIIPEBD@Z)'
LINK : warning LNK4217: symbol '__glewDeleteProgram' defined in 'glew32s.lib(glew.obj)' is imported by 'Shader.obj' in function '"public: void __cdecl Shadergl::clearShader(void)" (?clearShader@Shadergl@@QEAAXXZ)'
LINK : warning LNK4217: symbol '__glewDeleteShader' defined in 'glew32s.lib(glew.obj)' is imported by 'Shader.obj' in function '"private: void __cdecl Shadergl::addShader(char const *,char const *)" (?addShader@Shadergl@@AEAAXPEBD0@Z)'
LINK : warning LNK4217: symbol '__glewGetShaderInfoLog' defined in 'glew32s.lib(glew.obj)' is imported by 'Shader.obj' in function '"private: unsigned int __cdecl Shadergl::compileShader(unsigned int,char const *)" (?compileShader@Shadergl@@AEAAIIPEBD@Z)'
LINK : warning LNK4217: symbol '__glewGetShaderiv' defined in 'glew32s.lib(glew.obj)' is imported by 'Shader.obj' in function '"private: unsigned int __cdecl Shadergl::compileShader(unsigned int,char const *)" (?compileShader@Shadergl@@AEAAIIPEBD@Z)'
LINK : warning LNK4217: symbol '__glewGetUniformLocation' defined in 'glew32s.lib(glew.obj)' is imported by 'Shader.obj' in function '"private: void __cdecl Shadergl::addShader(char const *,char const *)" (?addShader@Shadergl@@AEAAXPEBD0@Z)'
LINK : warning LNK4217: symbol '__glewLinkProgram' defined in 'glew32s.lib(glew.obj)' is imported by 'Shader.obj' in function '"private: void __cdecl Shadergl::addShader(char const *,char const *)" (?addShader@Shadergl@@AEAAXPEBD0@Z)'
LINK : warning LNK4217: symbol '__glewShaderSource' defined in 'glew32s.lib(glew.obj)' is imported by 'Shader.obj' in function '"private: unsigned int __cdecl Shadergl::compileShader(unsigned int,char const *)" (?compileShader@Shadergl@@AEAAIIPEBD@Z)'
LINK : warning LNK4217: symbol '__glewUseProgram' defined in 'glew32s.lib(glew.obj)' is imported by 'Shader.obj' in function '"public: void __cdecl Shadergl::useShader(void)" (?useShader@Shadergl@@QEAAXXZ)'
LINK : warning LNK4217: symbol '__glewValidateProgram' defined in 'glew32s.lib(glew.obj)' is imported by 'Shader.obj' in function '"private: void __cdecl Shadergl::addShader(char const *,char const *)" (?addShader@Shadergl@@AEAAXPEBD0@Z)'
LINK : warning LNK4217: symbol '__glewActiveTexture' defined in 'glew32s.lib(glew.obj)' is imported by 'Texture.obj' in function '"public: void __cdecl Texturegl::useTexture(void)" (?useTexture@Texturegl@@QEAAXXZ)'
LINK : warning LNK4217: symbol '__glewGenerateMipmap' defined in 'glew32s.lib(glew.obj)' is imported by 'Texture.obj' in function '"public: void __cdecl Texturegl::loadTexture(void)" (?loadTexture@Texturegl@@QEAAXXZ)'
  OpenGL_Udemy.vcxproj -> C:\Users\Honla\Desktop\OpenGL_Udemy\x64\Debug\OpenGL_Udemy.exe
