  Camera.cpp
C:\Users\Honla\Desktop\OpenGL_Udemy\Camera.cpp(63,20): warning C4305: '*=': truncation from 'double' to 'float'
C:\Users\Honla\Desktop\OpenGL_Udemy\Camera.cpp(67,20): warning C4305: '/=': truncation from 'double' to 'float'
  Mesh.cpp
  OpenGL_Udemy.cpp
C:\Users\Honla\Desktop\OpenGL_Udemy\OpenGL_Udemy.cpp(128,27): warning C4018: '<': signed/unsigned mismatch
C:\Users\Honla\Desktop\OpenGL_Udemy\OpenGL_Udemy.cpp(129,31): warning C4018: '<': signed/unsigned mismatch
C:\Users\Honla\Desktop\OpenGL_Udemy\OpenGL_Udemy.cpp(240,23): warning C4018: '<': signed/unsigned mismatch
C:\Users\Honla\Desktop\OpenGL_Udemy\OpenGL_Udemy.cpp(241,27): warning C4018: '<': signed/unsigned mismatch
C:\Users\Honla\Desktop\OpenGL_Udemy\OpenGL_Udemy.cpp(271,23): warning C4018: '<': signed/unsigned mismatch
C:\Users\Honla\Desktop\OpenGL_Udemy\OpenGL_Udemy.cpp(272,27): warning C4018: '<': signed/unsigned mismatch
C:\Users\Honla\Desktop\OpenGL_Udemy\OpenGL_Udemy.cpp(302,34): warning C4244: '=': conversion from 'int' to 'float', possible loss of data
C:\Users\Honla\Desktop\OpenGL_Udemy\OpenGL_Udemy.cpp(429,23): warning C4018: '<': signed/unsigned mismatch
C:\Users\Honla\Desktop\OpenGL_Udemy\OpenGL_Udemy.cpp(453,34): warning C4244: '=': conversion from 'int' to 'float', possible loss of data
C:\Users\Honla\Desktop\OpenGL_Udemy\OpenGL_Udemy.cpp(580,23): warning C4018: '<': signed/unsigned mismatch
C:\Users\Honla\Desktop\OpenGL_Udemy\OpenGL_Udemy.cpp(604,34): warning C4244: '=': conversion from 'int' to 'float', possible loss of data
C:\Users\Honla\Desktop\OpenGL_Udemy\OpenGL_Udemy.cpp(731,23): warning C4018: '<': signed/unsigned mismatch
C:\Users\Honla\Desktop\OpenGL_Udemy\OpenGL_Udemy.cpp(755,34): warning C4244: '=': conversion from 'int' to 'float', possible loss of data
C:\Users\Honla\Desktop\OpenGL_Udemy\OpenGL_Udemy.cpp(881,23): warning C4018: '<': signed/unsigned mismatch
C:\Users\Honla\Desktop\OpenGL_Udemy\OpenGL_Udemy.cpp(905,22): warning C4244: '=': conversion from 'int' to 'float', possible loss of data
C:\Users\Honla\Desktop\OpenGL_Udemy\OpenGL_Udemy.cpp(1130,23): warning C4018: '<': signed/unsigned mismatch
C:\Users\Honla\Desktop\OpenGL_Udemy\OpenGL_Udemy.cpp(1256,16): warning C4244: 'initializing': conversion from 'T' to 'int', possible loss of data
C:\Users\Honla\Desktop\OpenGL_Udemy\OpenGL_Udemy.cpp(1256,16): warning C4244:         with
C:\Users\Honla\Desktop\OpenGL_Udemy\OpenGL_Udemy.cpp(1256,16): warning C4244:         [
C:\Users\Honla\Desktop\OpenGL_Udemy\OpenGL_Udemy.cpp(1256,16): warning C4244:             T=float
C:\Users\Honla\Desktop\OpenGL_Udemy\OpenGL_Udemy.cpp(1256,16): warning C4244:         ]
C:\Users\Honla\Desktop\OpenGL_Udemy\OpenGL_Udemy.cpp(1257,20): warning C4244: 'initializing': conversion from 'T' to 'int', possible loss of data
C:\Users\Honla\Desktop\OpenGL_Udemy\OpenGL_Udemy.cpp(1257,20): warning C4244:         with
C:\Users\Honla\Desktop\OpenGL_Udemy\OpenGL_Udemy.cpp(1257,20): warning C4244:         [
C:\Users\Honla\Desktop\OpenGL_Udemy\OpenGL_Udemy.cpp(1257,20): warning C4244:             T=float
C:\Users\Honla\Desktop\OpenGL_Udemy\OpenGL_Udemy.cpp(1257,20): warning C4244:         ]
C:\Users\Honla\Desktop\OpenGL_Udemy\OpenGL_Udemy.cpp(1267,32): warning C4244: 'initializing': conversion from 'double' to 'float', possible loss of data
C:\Users\Honla\Desktop\OpenGL_Udemy\OpenGL_Udemy.cpp(1311,34): warning C4244: '=': conversion from 'int' to 'float', possible loss of data
C:\Users\Honla\Desktop\OpenGL_Udemy\OpenGL_Udemy.cpp(1446,23): warning C4018: '<': signed/unsigned mismatch
C:\Users\Honla\Desktop\OpenGL_Udemy\OpenGL_Udemy.cpp(1456,23): warning C4018: '<': signed/unsigned mismatch
C:\Users\Honla\Desktop\OpenGL_Udemy\OpenGL_Udemy.cpp(1459,23): warning C4018: '<': signed/unsigned mismatch
C:\Users\Honla\Desktop\OpenGL_Udemy\OpenGL_Udemy.cpp(1486,16): warning C4244: 'initializing': conversion from 'T' to 'int', possible loss of data
C:\Users\Honla\Desktop\OpenGL_Udemy\OpenGL_Udemy.cpp(1486,16): warning C4244:         with
C:\Users\Honla\Desktop\OpenGL_Udemy\OpenGL_Udemy.cpp(1486,16): warning C4244:         [
C:\Users\Honla\Desktop\OpenGL_Udemy\OpenGL_Udemy.cpp(1486,16): warning C4244:             T=float
C:\Users\Honla\Desktop\OpenGL_Udemy\OpenGL_Udemy.cpp(1486,16): warning C4244:         ]
C:\Users\Honla\Desktop\OpenGL_Udemy\OpenGL_Udemy.cpp(1487,20): warning C4244: 'initializing': conversion from 'T' to 'int', possible loss of data
C:\Users\Honla\Desktop\OpenGL_Udemy\OpenGL_Udemy.cpp(1487,20): warning C4244:         with
C:\Users\Honla\Desktop\OpenGL_Udemy\OpenGL_Udemy.cpp(1487,20): warning C4244:         [
C:\Users\Honla\Desktop\OpenGL_Udemy\OpenGL_Udemy.cpp(1487,20): warning C4244:             T=float
C:\Users\Honla\Desktop\OpenGL_Udemy\OpenGL_Udemy.cpp(1487,20): warning C4244:         ]
C:\Users\Honla\Desktop\OpenGL_Udemy\OpenGL_Udemy.cpp(1507,37): warning C4305: 'argument': truncation from 'double' to 'float'
C:\Users\Honla\Desktop\OpenGL_Udemy\OpenGL_Udemy.cpp(1511,34): warning C4244: 'initializing': conversion from 'int' to 'float', possible loss of data
C:\Users\Honla\Desktop\OpenGL_Udemy\OpenGL_Udemy.cpp(1519,63): warning C4244: 'argument': conversion from 'int' to 'float', possible loss of data
C:\Users\Honla\Desktop\OpenGL_Udemy\OpenGL_Udemy.cpp(1519,60): warning C4244: 'argument': conversion from 'int' to 'float', possible loss of data
C:\Users\Honla\Desktop\OpenGL_Udemy\OpenGL_Udemy.cpp(1519,52): warning C4244: 'argument': conversion from 'int' to 'float', possible loss of data
C:\Users\Honla\Desktop\OpenGL_Udemy\OpenGL_Udemy.cpp(1535,77): warning C4244: 'argument': conversion from 'T' to 'float', possible loss of data
C:\Users\Honla\Desktop\OpenGL_Udemy\OpenGL_Udemy.cpp(1535,77): warning C4244:         with
C:\Users\Honla\Desktop\OpenGL_Udemy\OpenGL_Udemy.cpp(1535,77): warning C4244:         [
C:\Users\Honla\Desktop\OpenGL_Udemy\OpenGL_Udemy.cpp(1535,77): warning C4244:             T=int
C:\Users\Honla\Desktop\OpenGL_Udemy\OpenGL_Udemy.cpp(1535,77): warning C4244:         ]
C:\Users\Honla\Desktop\OpenGL_Udemy\OpenGL_Udemy.cpp(1535,70): warning C4244: 'argument': conversion from 'T' to 'float', possible loss of data
C:\Users\Honla\Desktop\OpenGL_Udemy\OpenGL_Udemy.cpp(1535,70): warning C4244:         with
C:\Users\Honla\Desktop\OpenGL_Udemy\OpenGL_Udemy.cpp(1535,70): warning C4244:         [
C:\Users\Honla\Desktop\OpenGL_Udemy\OpenGL_Udemy.cpp(1535,70): warning C4244:             T=int
C:\Users\Honla\Desktop\OpenGL_Udemy\OpenGL_Udemy.cpp(1535,70): warning C4244:         ]
C:\Users\Honla\Desktop\OpenGL_Udemy\OpenGL_Udemy.cpp(1535,63): warning C4244: 'argument': conversion from 'T' to 'float', possible loss of data
C:\Users\Honla\Desktop\OpenGL_Udemy\OpenGL_Udemy.cpp(1535,63): warning C4244:         with
C:\Users\Honla\Desktop\OpenGL_Udemy\OpenGL_Udemy.cpp(1535,63): warning C4244:         [
C:\Users\Honla\Desktop\OpenGL_Udemy\OpenGL_Udemy.cpp(1535,63): warning C4244:             T=int
C:\Users\Honla\Desktop\OpenGL_Udemy\OpenGL_Udemy.cpp(1535,63): warning C4244:         ]
C:\Users\Honla\Desktop\OpenGL_Udemy\OpenGL_Udemy.cpp(1558,73): warning C4244: 'argument': conversion from 'int' to 'float', possible loss of data
C:\Users\Honla\Desktop\OpenGL_Udemy\OpenGL_Udemy.cpp(1558,40): warning C4244: 'argument': conversion from 'int' to 'float', possible loss of data
C:\Users\Honla\Desktop\OpenGL_Udemy\OpenGL_Udemy.cpp(1563,42): warning C4244: 'argument': conversion from 'int' to 'float', possible loss of data
C:\Users\Honla\Desktop\OpenGL_Udemy\OpenGL_Udemy.cpp(1563,39): warning C4244: 'argument': conversion from 'int' to 'float', possible loss of data
C:\Users\Honla\Desktop\OpenGL_Udemy\OpenGL_Udemy.cpp(1563,36): warning C4244: 'argument': conversion from 'int' to 'float', possible loss of data
C:\Users\Honla\Desktop\OpenGL_Udemy\OpenGL_Udemy.cpp(1885,21): warning C4244: 'initializing': conversion from 'double' to 'GLfloat', possible loss of data
C:\Users\Honla\Desktop\OpenGL_Udemy\OpenGL_Udemy.cpp(1893,25): warning C4244: 'initializing': conversion from 'float' to 'int', possible loss of data
  Shader.cpp
  Texture.cpp
  unusedCode.cpp
  Window.cpp
C:\Users\Honla\Desktop\OpenGL_Udemy\Window.cpp(94,28): warning C4244: '=': conversion from 'double' to 'float', possible loss of data
C:\Users\Honla\Desktop\OpenGL_Udemy\Window.cpp(95,28): warning C4244: '=': conversion from 'double' to 'float', possible loss of data
C:\Users\Honla\Desktop\OpenGL_Udemy\Window.cpp(99,31): warning C4244: '=': conversion from 'double' to 'float', possible loss of data
C:\Users\Honla\Desktop\OpenGL_Udemy\Window.cpp(100,31): warning C4244: '=': conversion from 'double' to 'float', possible loss of data
C:\Users\Honla\Desktop\OpenGL_Udemy\Window.cpp(102,24): warning C4244: '=': conversion from 'double' to 'float', possible loss of data
C:\Users\Honla\Desktop\OpenGL_Udemy\Window.cpp(103,24): warning C4244: '=': conversion from 'double' to 'float', possible loss of data
  Generating Code...
C:\Users\Honla\Desktop\OpenGL_Udemy\Window.cpp(67,1): warning C4715: 'Window::initialize': not all control paths return a value
LINK : warning LNK4098: defaultlib 'MSVCRT' conflicts with use of other libs; use /NODEFAULTLIB:library
LINK : warning LNK4098: defaultlib 'LIBCMT' conflicts with use of other libs; use /NODEFAULTLIB:library
LINK : warning LNK4217: symbol '___glewAttachShader' defined in 'glew32s.lib(glew.obj)' is imported by 'Shader.obj' in function '"private: void __thiscall Shadergl::addShader(char const *,char const *)" (?addShader@Shadergl@@AAEXPBD0@Z)'
LINK : warning LNK4217: symbol '___glewCompileShader' defined in 'glew32s.lib(glew.obj)' is imported by 'Shader.obj' in function '"private: unsigned int __thiscall Shadergl::compileShader(unsigned int,char const *)" (?compileShader@Shadergl@@AAEIIPBD@Z)'
LINK : warning LNK4217: symbol '___glewCreateProgram' defined in 'glew32s.lib(glew.obj)' is imported by 'Shader.obj' in function '"private: void __thiscall Shadergl::addShader(char const *,char const *)" (?addShader@Shadergl@@AAEXPBD0@Z)'
LINK : warning LNK4217: symbol '___glewCreateShader' defined in 'glew32s.lib(glew.obj)' is imported by 'Shader.obj' in function '"private: unsigned int __thiscall Shadergl::compileShader(unsigned int,char const *)" (?compileShader@Shadergl@@AAEIIPBD@Z)'
LINK : warning LNK4217: symbol '___glewDeleteProgram' defined in 'glew32s.lib(glew.obj)' is imported by 'Shader.obj' in function '"public: void __thiscall Shadergl::clearShader(void)" (?clearShader@Shadergl@@QAEXXZ)'
LINK : warning LNK4217: symbol '___glewDeleteShader' defined in 'glew32s.lib(glew.obj)' is imported by 'Shader.obj' in function '"private: void __thiscall Shadergl::addShader(char const *,char const *)" (?addShader@Shadergl@@AAEXPBD0@Z)'
LINK : warning LNK4217: symbol '___glewGetShaderInfoLog' defined in 'glew32s.lib(glew.obj)' is imported by 'Shader.obj' in function '"private: unsigned int __thiscall Shadergl::compileShader(unsigned int,char const *)" (?compileShader@Shadergl@@AAEIIPBD@Z)'
LINK : warning LNK4217: symbol '___glewGetShaderiv' defined in 'glew32s.lib(glew.obj)' is imported by 'Shader.obj' in function '"private: unsigned int __thiscall Shadergl::compileShader(unsigned int,char const *)" (?compileShader@Shadergl@@AAEIIPBD@Z)'
LINK : warning LNK4217: symbol '___glewGetUniformLocation' defined in 'glew32s.lib(glew.obj)' is imported by 'Shader.obj' in function '"private: void __thiscall Shadergl::addShader(char const *,char const *)" (?addShader@Shadergl@@AAEXPBD0@Z)'
LINK : warning LNK4217: symbol '___glewLinkProgram' defined in 'glew32s.lib(glew.obj)' is imported by 'Shader.obj' in function '"private: void __thiscall Shadergl::addShader(char const *,char const *)" (?addShader@Shadergl@@AAEXPBD0@Z)'
LINK : warning LNK4217: symbol '___glewShaderSource' defined in 'glew32s.lib(glew.obj)' is imported by 'Shader.obj' in function '"private: unsigned int __thiscall Shadergl::compileShader(unsigned int,char const *)" (?compileShader@Shadergl@@AAEIIPBD@Z)'
LINK : warning LNK4217: symbol '___glewUseProgram' defined in 'glew32s.lib(glew.obj)' is imported by 'Shader.obj' in function '"public: void __thiscall Shadergl::useShader(void)" (?useShader@Shadergl@@QAEXXZ)'
LINK : warning LNK4217: symbol '___glewValidateProgram' defined in 'glew32s.lib(glew.obj)' is imported by 'Shader.obj' in function '"private: void __thiscall Shadergl::addShader(char const *,char const *)" (?addShader@Shadergl@@AAEXPBD0@Z)'
LINK : warning LNK4217: symbol '___glewActiveTexture' defined in 'glew32s.lib(glew.obj)' is imported by 'Texture.obj' in function '"public: void __thiscall Texturegl::useTexture(void)" (?useTexture@Texturegl@@QAEXXZ)'
LINK : warning LNK4217: symbol '___glewGenerateMipmap' defined in 'glew32s.lib(glew.obj)' is imported by 'Texture.obj' in function '"public: void __thiscall Texturegl::loadTexture(void)" (?loadTexture@Texturegl@@QAEXXZ)'
glew32s.lib(glew.obj) : warning LNK4099: PDB '' was not found with 'glew32s.lib(glew.obj)' or at ''; linking object as if no debug info
  OpenGL_Udemy.vcxproj -> C:\Users\Honla\Desktop\OpenGL_Udemy\Debug\OpenGL_Udemy.exe
