  OpenGL_Udemy.cpp
C:\Users\Honla\Desktop\OpenGL_Udemy\OpenGL_Udemy.cpp(304,34): warning C4244: '=': conversion from 'int' to 'float', possible loss of data
C:\Users\Honla\Desktop\OpenGL_Udemy\OpenGL_Udemy.cpp(442,77): warning C4267: 'argument': conversion from 'size_t' to 'unsigned int', possible loss of data
C:\Users\Honla\Desktop\OpenGL_Udemy\OpenGL_Udemy.cpp(442,61): warning C4267: 'argument': conversion from 'size_t' to 'unsigned int', possible loss of data
C:\Users\Honla\Desktop\OpenGL_Udemy\OpenGL_Udemy.cpp(455,34): warning C4244: '=': conversion from 'int' to 'float', possible loss of data
C:\Users\Honla\Desktop\OpenGL_Udemy\OpenGL_Udemy.cpp(593,77): warning C4267: 'argument': conversion from 'size_t' to 'unsigned int', possible loss of data
C:\Users\Honla\Desktop\OpenGL_Udemy\OpenGL_Udemy.cpp(593,61): warning C4267: 'argument': conversion from 'size_t' to 'unsigned int', possible loss of data
C:\Users\Honla\Desktop\OpenGL_Udemy\OpenGL_Udemy.cpp(606,34): warning C4244: '=': conversion from 'int' to 'float', possible loss of data
C:\Users\Honla\Desktop\OpenGL_Udemy\OpenGL_Udemy.cpp(744,77): warning C4267: 'argument': conversion from 'size_t' to 'unsigned int', possible loss of data
C:\Users\Honla\Desktop\OpenGL_Udemy\OpenGL_Udemy.cpp(744,61): warning C4267: 'argument': conversion from 'size_t' to 'unsigned int', possible loss of data
C:\Users\Honla\Desktop\OpenGL_Udemy\OpenGL_Udemy.cpp(757,34): warning C4244: '=': conversion from 'int' to 'float', possible loss of data
C:\Users\Honla\Desktop\OpenGL_Udemy\OpenGL_Udemy.cpp(894,77): warning C4267: 'argument': conversion from 'size_t' to 'unsigned int', possible loss of data
C:\Users\Honla\Desktop\OpenGL_Udemy\OpenGL_Udemy.cpp(894,61): warning C4267: 'argument': conversion from 'size_t' to 'unsigned int', possible loss of data
C:\Users\Honla\Desktop\OpenGL_Udemy\OpenGL_Udemy.cpp(907,22): warning C4244: '=': conversion from 'int' to 'float', possible loss of data
C:\Users\Honla\Desktop\OpenGL_Udemy\OpenGL_Udemy.cpp(1134,157): warning C4267: 'argument': conversion from 'size_t' to 'unsigned int', possible loss of data
C:\Users\Honla\Desktop\OpenGL_Udemy\OpenGL_Udemy.cpp(1134,125): warning C4267: 'argument': conversion from 'size_t' to 'unsigned int', possible loss of data
C:\Users\Honla\Desktop\OpenGL_Udemy\OpenGL_Udemy.cpp(1258,16): warning C4244: 'initializing': conversion from 'T' to 'int', possible loss of data
C:\Users\Honla\Desktop\OpenGL_Udemy\OpenGL_Udemy.cpp(1258,16): warning C4244:         with
C:\Users\Honla\Desktop\OpenGL_Udemy\OpenGL_Udemy.cpp(1258,16): warning C4244:         [
C:\Users\Honla\Desktop\OpenGL_Udemy\OpenGL_Udemy.cpp(1258,16): warning C4244:             T=float
C:\Users\Honla\Desktop\OpenGL_Udemy\OpenGL_Udemy.cpp(1258,16): warning C4244:         ]
C:\Users\Honla\Desktop\OpenGL_Udemy\OpenGL_Udemy.cpp(1259,20): warning C4244: 'initializing': conversion from 'T' to 'int', possible loss of data
C:\Users\Honla\Desktop\OpenGL_Udemy\OpenGL_Udemy.cpp(1259,20): warning C4244:         with
C:\Users\Honla\Desktop\OpenGL_Udemy\OpenGL_Udemy.cpp(1259,20): warning C4244:         [
C:\Users\Honla\Desktop\OpenGL_Udemy\OpenGL_Udemy.cpp(1259,20): warning C4244:             T=float
C:\Users\Honla\Desktop\OpenGL_Udemy\OpenGL_Udemy.cpp(1259,20): warning C4244:         ]
C:\Users\Honla\Desktop\OpenGL_Udemy\OpenGL_Udemy.cpp(1269,32): warning C4244: 'initializing': conversion from 'double' to 'float', possible loss of data
C:\Users\Honla\Desktop\OpenGL_Udemy\OpenGL_Udemy.cpp(1313,34): warning C4244: '=': conversion from 'int' to 'float', possible loss of data
C:\Users\Honla\Desktop\OpenGL_Udemy\OpenGL_Udemy.cpp(1632,16): warning C4244: 'initializing': conversion from 'T' to 'int', possible loss of data
C:\Users\Honla\Desktop\OpenGL_Udemy\OpenGL_Udemy.cpp(1632,16): warning C4244:         with
C:\Users\Honla\Desktop\OpenGL_Udemy\OpenGL_Udemy.cpp(1632,16): warning C4244:         [
C:\Users\Honla\Desktop\OpenGL_Udemy\OpenGL_Udemy.cpp(1632,16): warning C4244:             T=float
C:\Users\Honla\Desktop\OpenGL_Udemy\OpenGL_Udemy.cpp(1632,16): warning C4244:         ]
C:\Users\Honla\Desktop\OpenGL_Udemy\OpenGL_Udemy.cpp(1633,20): warning C4244: 'initializing': conversion from 'T' to 'int', possible loss of data
C:\Users\Honla\Desktop\OpenGL_Udemy\OpenGL_Udemy.cpp(1633,20): warning C4244:         with
C:\Users\Honla\Desktop\OpenGL_Udemy\OpenGL_Udemy.cpp(1633,20): warning C4244:         [
C:\Users\Honla\Desktop\OpenGL_Udemy\OpenGL_Udemy.cpp(1633,20): warning C4244:             T=float
C:\Users\Honla\Desktop\OpenGL_Udemy\OpenGL_Udemy.cpp(1633,20): warning C4244:         ]
C:\Users\Honla\Desktop\OpenGL_Udemy\OpenGL_Udemy.cpp(1653,37): warning C4305: 'argument': truncation from 'double' to 'float'
C:\Users\Honla\Desktop\OpenGL_Udemy\OpenGL_Udemy.cpp(1657,34): warning C4244: 'initializing': conversion from 'int' to 'float', possible loss of data
C:\Users\Honla\Desktop\OpenGL_Udemy\OpenGL_Udemy.cpp(1665,63): warning C4244: 'argument': conversion from 'int' to 'float', possible loss of data
C:\Users\Honla\Desktop\OpenGL_Udemy\OpenGL_Udemy.cpp(1665,60): warning C4244: 'argument': conversion from 'int' to 'float', possible loss of data
C:\Users\Honla\Desktop\OpenGL_Udemy\OpenGL_Udemy.cpp(1665,52): warning C4244: 'argument': conversion from 'int' to 'float', possible loss of data
C:\Users\Honla\Desktop\OpenGL_Udemy\OpenGL_Udemy.cpp(1666,69): warning C4244: 'argument': conversion from 'int' to 'float', possible loss of data
C:\Users\Honla\Desktop\OpenGL_Udemy\OpenGL_Udemy.cpp(1666,64): warning C4244: 'argument': conversion from 'int' to 'float', possible loss of data
C:\Users\Honla\Desktop\OpenGL_Udemy\OpenGL_Udemy.cpp(1666,54): warning C4244: 'argument': conversion from 'int' to 'float', possible loss of data
C:\Users\Honla\Desktop\OpenGL_Udemy\OpenGL_Udemy.cpp(1682,77): warning C4244: 'argument': conversion from 'T' to 'float', possible loss of data
C:\Users\Honla\Desktop\OpenGL_Udemy\OpenGL_Udemy.cpp(1682,77): warning C4244:         with
C:\Users\Honla\Desktop\OpenGL_Udemy\OpenGL_Udemy.cpp(1682,77): warning C4244:         [
C:\Users\Honla\Desktop\OpenGL_Udemy\OpenGL_Udemy.cpp(1682,77): warning C4244:             T=int
C:\Users\Honla\Desktop\OpenGL_Udemy\OpenGL_Udemy.cpp(1682,77): warning C4244:         ]
C:\Users\Honla\Desktop\OpenGL_Udemy\OpenGL_Udemy.cpp(1682,70): warning C4244: 'argument': conversion from 'T' to 'float', possible loss of data
C:\Users\Honla\Desktop\OpenGL_Udemy\OpenGL_Udemy.cpp(1682,70): warning C4244:         with
C:\Users\Honla\Desktop\OpenGL_Udemy\OpenGL_Udemy.cpp(1682,70): warning C4244:         [
C:\Users\Honla\Desktop\OpenGL_Udemy\OpenGL_Udemy.cpp(1682,70): warning C4244:             T=int
C:\Users\Honla\Desktop\OpenGL_Udemy\OpenGL_Udemy.cpp(1682,70): warning C4244:         ]
C:\Users\Honla\Desktop\OpenGL_Udemy\OpenGL_Udemy.cpp(1682,63): warning C4244: 'argument': conversion from 'T' to 'float', possible loss of data
C:\Users\Honla\Desktop\OpenGL_Udemy\OpenGL_Udemy.cpp(1682,63): warning C4244:         with
C:\Users\Honla\Desktop\OpenGL_Udemy\OpenGL_Udemy.cpp(1682,63): warning C4244:         [
C:\Users\Honla\Desktop\OpenGL_Udemy\OpenGL_Udemy.cpp(1682,63): warning C4244:             T=int
C:\Users\Honla\Desktop\OpenGL_Udemy\OpenGL_Udemy.cpp(1682,63): warning C4244:         ]
C:\Users\Honla\Desktop\OpenGL_Udemy\OpenGL_Udemy.cpp(1705,73): warning C4244: 'argument': conversion from 'int' to 'float', possible loss of data
C:\Users\Honla\Desktop\OpenGL_Udemy\OpenGL_Udemy.cpp(1705,40): warning C4244: 'argument': conversion from 'int' to 'float', possible loss of data
C:\Users\Honla\Desktop\OpenGL_Udemy\OpenGL_Udemy.cpp(1710,42): warning C4244: 'argument': conversion from 'int' to 'float', possible loss of data
C:\Users\Honla\Desktop\OpenGL_Udemy\OpenGL_Udemy.cpp(1710,39): warning C4244: 'argument': conversion from 'int' to 'float', possible loss of data
C:\Users\Honla\Desktop\OpenGL_Udemy\OpenGL_Udemy.cpp(1710,36): warning C4244: 'argument': conversion from 'int' to 'float', possible loss of data
C:\Users\Honla\Desktop\OpenGL_Udemy\OpenGL_Udemy.cpp(2032,21): warning C4244: 'initializing': conversion from 'double' to 'GLfloat', possible loss of data
C:\Users\Honla\Desktop\OpenGL_Udemy\OpenGL_Udemy.cpp(2040,25): warning C4244: 'initializing': conversion from 'float' to 'int', possible loss of data
LINK : warning LNK4098: defaultlib 'LIBCMT' conflicts with use of other libs; use /NODEFAULTLIB:library
  Generating code
  4 of 1528 functions ( 0.3%) were compiled, the rest were copied from previous compilation.
    0 functions were new in current compilation
    30 functions had inline decision re-evaluated but remain unchanged
  Finished generating code
glew32s.lib(glew.obj) : warning LNK4099: PDB '' was not found with 'glew32s.lib(glew.obj)' or at ''; linking object as if no debug info
LINK : warning LNK4286: symbol '__glewLinkProgram' defined in 'glew32s.lib(glew.obj)' is imported by 'Shader.obj'
LINK : warning LNK4286: symbol '__glewDeleteShader' defined in 'glew32s.lib(glew.obj)' is imported by 'Shader.obj'
LINK : warning LNK4286: symbol '__glewShaderSource' defined in 'glew32s.lib(glew.obj)' is imported by 'Shader.obj'
LINK : warning LNK4286: symbol '__glewDeleteProgram' defined in 'glew32s.lib(glew.obj)' is imported by 'Shader.obj'
LINK : warning LNK4286: symbol '__glewAttachShader' defined in 'glew32s.lib(glew.obj)' is imported by 'Shader.obj'
LINK : warning LNK4286: symbol '__glewGetUniformLocation' defined in 'glew32s.lib(glew.obj)' is imported by 'Shader.obj'
LINK : warning LNK4286: symbol '__glewValidateProgram' defined in 'glew32s.lib(glew.obj)' is imported by 'Shader.obj'
LINK : warning LNK4286: symbol '__glewGetShaderInfoLog' defined in 'glew32s.lib(glew.obj)' is imported by 'Shader.obj'
LINK : warning LNK4286: symbol '__glewCreateProgram' defined in 'glew32s.lib(glew.obj)' is imported by 'Shader.obj'
LINK : warning LNK4286: symbol '__glewCreateShader' defined in 'glew32s.lib(glew.obj)' is imported by 'Shader.obj'
LINK : warning LNK4286: symbol '__glewCompileShader' defined in 'glew32s.lib(glew.obj)' is imported by 'Shader.obj'
LINK : warning LNK4286: symbol '__glewGetShaderiv' defined in 'glew32s.lib(glew.obj)' is imported by 'Shader.obj'
LINK : warning LNK4286: symbol '__glewUseProgram' defined in 'glew32s.lib(glew.obj)' is imported by 'Shader.obj'
LINK : warning LNK4286: symbol '__glewGenerateMipmap' defined in 'glew32s.lib(glew.obj)' is imported by 'Texture.obj'
LINK : warning LNK4286: symbol '__glewActiveTexture' defined in 'glew32s.lib(glew.obj)' is imported by 'Texture.obj'
  OpenGL_Udemy.vcxproj -> C:\Users\Honla\Desktop\OpenGL_Udemy\x64\Release\OpenGL_Udemy.exe
